0 info it worked if it ends with ok
1 verbose cli [ 'C:\\Program Files\\nodejs\\node.exe',
1 verbose cli   'C:\\Program Files\\nodejs\\node_modules\\npm\\bin\\npm-cli.js',
1 verbose cli   'run',
1 verbose cli   'start' ]
2 info using npm@4.1.2
3 info using node@v7.6.0
4 verbose run-script [ 'prestart', 'start', 'poststart' ]
5 info lifecycle creator@1.0.0~prestart: creator@1.0.0
6 silly lifecycle creator@1.0.0~prestart: no script for prestart, continuing
7 info lifecycle creator@1.0.0~start: creator@1.0.0
8 verbose lifecycle creator@1.0.0~start: unsafe-perm in lifecycle true
9 verbose lifecycle creator@1.0.0~start: PATH: C:\Program Files\nodejs\node_modules\npm\bin\node-gyp-bin;C:\Users\galli\Desktop\projectCreator\Management-Creator\node_modules\.bin;C:\Users\galli\bin;C:\Program Files (x86)\Git\mingw32\bin;C:\Program Files (x86)\Git\usr\local\bin;C:\Program Files (x86)\Git\usr\bin;C:\Program Files (x86)\Git\usr\bin;C:\Program Files (x86)\Git\mingw32\bin;C:\Program Files (x86)\Git\usr\bin;C:\Users\galli\bin;C:\WINDOWS\system32;C:\WINDOWS;C:\WINDOWS\System32\Wbem;C:\WINDOWS\System32\WindowsPowerShell\v1.0;C:\Program Files (x86)\ATI Technologies\ATI.ACE\Core-Static;C:\Program Files\Git\cmd;C:\Program Files\nodejs;C:\Program Files (x86)\Git\cmd;C:\Program Files\MongoDB\Server\3.4\bin;C:\Program Files (x86)\Yarn\bin;C:\Users\galli\AppData\Local\Microsoft\WindowsApps;C:\Users\galli\AppData\Roaming\Dashlane\4.6.6.23032\bin\Firefox_Extension\{442718d9-475e-452a-b3e1-fb1ee16b8e9f}\components;C:\Users\galli\AppData\Roaming\npm;C:\Program Files (x86)\Heroku\bin;C:\Program Files\Sublime Text 3;C:\Users\galli\AppData\Roaming\Dashlane\4.8.1.32550\bin\Firefox_Extension\{442718d9-475e-452a-b3e1-fb1ee16b8e9f}\components;C:\Users\galli\AppData\Roaming\Dashlane\4.8.1.32550\ucrt;C:\Users\galli\AppData\Local\atom\bin;C:\Users\galli\AppData\Local\Microsoft\WindowsApps;C:\Program Files\Microsoft VS Code\bin;C:\Users\galli\AppData\Local\Yarn\bin;C:\Users\galli\AppData\Roaming\Dashlane\4.8.9.37516\bin\Firefox_Extension\{442718d9-475e-452a-b3e1-fb1ee16b8e9f}\components;C:\Users\galli\AppData\Roaming\Dashlane\4.8.9.37516\ucrt;C:\Program Files (x86)\Git\usr\bin\vendor_perl;C:\Program Files (x86)\Git\usr\bin\core_perl
10 verbose lifecycle creator@1.0.0~start: CWD: C:\Users\galli\Desktop\projectCreator\Management-Creator
11 silly lifecycle creator@1.0.0~start: Args: [ '/d /s /c', 'node server.js' ]
12 silly lifecycle creator@1.0.0~start: Returned: code: 1  signal: null
13 info lifecycle creator@1.0.0~start: Failed to exec start script
14 verbose stack Error: creator@1.0.0 start: `node server.js`
14 verbose stack Exit status 1
14 verbose stack     at EventEmitter.<anonymous> (C:\Program Files\nodejs\node_modules\npm\lib\utils\lifecycle.js:279:16)
14 verbose stack     at emitTwo (events.js:106:13)
14 verbose stack     at EventEmitter.emit (events.js:192:7)
14 verbose stack     at ChildProcess.<anonymous> (C:\Program Files\nodejs\node_modules\npm\lib\utils\spawn.js:40:14)
14 verbose stack     at emitTwo (events.js:106:13)
14 verbose stack     at ChildProcess.emit (events.js:192:7)
14 verbose stack     at maybeClose (internal/child_process.js:890:16)
14 verbose stack     at Process.ChildProcess._handle.onexit (internal/child_process.js:226:5)
15 verbose pkgid creator@1.0.0
16 verbose cwd C:\Users\galli\Desktop\projectCreator\Management-Creator
17 error Windows_NT 10.0.15063
18 error argv "C:\\Program Files\\nodejs\\node.exe" "C:\\Program Files\\nodejs\\node_modules\\npm\\bin\\npm-cli.js" "run" "start"
19 error node v7.6.0
20 error npm  v4.1.2
21 error code ELIFECYCLE
22 error creator@1.0.0 start: `node server.js`
22 error Exit status 1
23 error Failed at the creator@1.0.0 start script 'node server.js'.
23 error Make sure you have the latest version of node.js and npm installed.
23 error If you do, this is most likely a problem with the creator package,
23 error not with npm itself.
23 error Tell the author that this fails on your system:
23 error     node server.js
23 error You can get information on how to open an issue for this project with:
23 error     npm bugs creator
23 error Or if that isn't available, you can get their info via:
23 error     npm owner ls creator
23 error There is likely additional logging output above.
24 verbose exit [ 1, true ]
